<?xml version="1.0" encoding="UTF-8"?>
<!-- Generated by org.testng.reporters.JUnitReportReporter -->
<testsuite hostname="LAPTOP-M5PKHKMD" failures="0" tests="1" name="Tests.pagetest" time="18.196" errors="0" timestamp="2024-06-13T13:18:01 IST" skipped="0">
  <testcase classname="Tests.pagetest" name="testHomePage" time="18.196"/>
</testsuite> <!-- Tests.pagetest -->
